<?xml version="1.0" encoding="UTF-8"?>
<!-- Generated by org.testng.reporters.JUnitReportReporter -->
<testsuite skipped="0" hostname="RIL1506FMKB152" name="com.crm.qa.testcases.HomePageTest" tests="3" failures="0" timestamp="2019-12-27T17:48:07 IST" time="38.887" errors="0">
  <testcase name="verifyHomePageTitleTest" time="12.580" classname="com.crm.qa.testcases.HomePageTest"/>
  <system-out/>
  <testcase name="verifyUserNameTest" time="14.231" classname="com.crm.qa.testcases.HomePageTest"/>
  <system-out/>
  <testcase name="verifyContactsLinkTest" time="12.076" classname="com.crm.qa.testcases.HomePageTest"/>
  <system-out/>
</testsuite> <!-- com.crm.qa.testcases.HomePageTest -->
