<?xml version="1.0" encoding="UTF-8"?>
<!-- Generated by org.testng.reporters.JUnitReportReporter -->
<testsuite skipped="0" hostname="RIL1506FMKB152" name="com.crm.qa.testcases.LoginPageTest" tests="2" failures="0" timestamp="2019-12-27T17:48:07 IST" time="26.701" errors="0">
  <testcase name="loginPageTitleTest" time="11.583" classname="com.crm.qa.testcases.LoginPageTest"/>
  <system-out/>
  <testcase name="loginTest" time="15.118" classname="com.crm.qa.testcases.LoginPageTest"/>
  <system-out/>
</testsuite> <!-- com.crm.qa.testcases.LoginPageTest -->
