<?xml version="1.0" encoding="UTF-8"?>
<!-- Generated by org.testng.reporters.JUnitReportReporter -->
<testsuite skipped="0" hostname="RIL1506FMKB152" name="com.crm.qa.testcases.HomePageTest" tests="3" failures="0" timestamp="2019-12-30T18:14:05 IST" time="41.543" errors="0">
  <testcase name="verifyHomePageTitleTest" time="13.196" classname="com.crm.qa.testcases.HomePageTest"/>
  <system-out/>
  <testcase name="verifyUserNameTest" time="14.062" classname="com.crm.qa.testcases.HomePageTest"/>
  <system-out/>
  <testcase name="verifyContactsLinkTest" time="14.285" classname="com.crm.qa.testcases.HomePageTest"/>
  <system-out/>
</testsuite> <!-- com.crm.qa.testcases.HomePageTest -->
