<?xml version="1.0" encoding="UTF-8"?>
<!-- Generated by org.testng.reporters.JUnitReportReporter -->
<testsuite skipped="0" hostname="RIL1506FMKB152" name="com.crm.qa.testcases.LoginPageTest" tests="2" failures="0" timestamp="2019-12-30T18:14:05 IST" time="26.522" errors="0">
  <testcase name="loginPageTitleTest" time="12.632" classname="com.crm.qa.testcases.LoginPageTest"/>
  <system-out/>
  <testcase name="loginTest" time="13.890" classname="com.crm.qa.testcases.LoginPageTest"/>
  <system-out/>
</testsuite> <!-- com.crm.qa.testcases.LoginPageTest -->
